# inst number : called cnt
 5          1
 6       1300
 7     155291
 8   16013342
 9 1186078545
10  230731115
11  185639789
12    6002359
13     135912
14     106133
15      56978
16  419752487
23   90721751
28  426447267
29  117650729
30  302099467
31    1680904
32  231620829
33      49155
35   60437814
36     106133
39  110616182
40  123580744
41  123580744
48    7022133
49  267899003
50    8399426
51   20947896
52   90007353
53   69367395
54   26856788
55    2082093
56   67320930
57  162822159
58  121143633
59    6812283
60      16623
61      56666
62   11927150
63    2164839
